2026-03-08T02:53:13: [32m[Nest] 230917  - [39m03/08/2026, 2:53:13 AM [32m    LOG[39m [38;5;3m[JobsService] [39m[32mtick: competitors waiting for scan = 1[39m
2026-03-08T02:53:13: [32m[Nest] 230917  - [39m03/08/2026, 2:53:13 AM [32m    LOG[39m [38;5;3m[JobsService] [39m[32mtick: pages due for check = 3[39m
2026-03-08T02:57:29: [32m[Nest] 230917  - [39m03/08/2026, 2:57:29 AM [32m    LOG[39m [38;5;3m[JobsService] [39m[32mtick: competitors waiting for scan = 1[39m
2026-03-08T02:57:29: [32m[Nest] 230917  - [39m03/08/2026, 2:57:29 AM [32m    LOG[39m [38;5;3m[JobsService] [39m[32mtick: pages due for check = 3[39m
2026-03-08T03:13:52: [32m[Nest] 244191  - [39m03/08/2026, 3:13:52 AM [32m    LOG[39m [38;5;3m[NestFactory] [39m[32mStarting Nest application...[39m
2026-03-08T03:13:53: [32m[Nest] 244191  - [39m03/08/2026, 3:13:53 AM [32m    LOG[39m [38;5;3m[InstanceLoader] [39m[32mConfigHostModule dependencies initialized[39m[38;5;3m +23ms[39m
2026-03-08T03:13:53: [32m[Nest] 244191  - [39m03/08/2026, 3:13:53 AM [32m    LOG[39m [38;5;3m[InstanceLoader] [39m[32mAppModule dependencies initialized[39m[38;5;3m +0ms[39m
2026-03-08T03:13:53: [32m[Nest] 244191  - [39m03/08/2026, 3:13:53 AM [32m    LOG[39m [38;5;3m[InstanceLoader] [39m[32mConfigModule dependencies initialized[39m[38;5;3m +0ms[39m
2026-03-08T03:13:53: [32m[Nest] 244191  - [39m03/08/2026, 3:13:53 AM [32m    LOG[39m [38;5;3m[RoutesResolver] [39m[32mHealthController {/api/health}:[39m[38;5;3m +5ms[39m
2026-03-08T03:13:53: [32m[Nest] 244191  - [39m03/08/2026, 3:13:53 AM [32m    LOG[39m [38;5;3m[RouterExplorer] [39m[32mMapped {/api/health, GET} route[39m[38;5;3m +4ms[39m
2026-03-08T03:13:53: [32m[Nest] 244191  - [39m03/08/2026, 3:13:53 AM [32m    LOG[39m [38;5;3m[RoutesResolver] [39m[32mCompetitorsController {/api/competitors}:[39m[38;5;3m +0ms[39m
2026-03-08T03:13:53: [32m[Nest] 244191  - [39m03/08/2026, 3:13:53 AM [32m    LOG[39m [38;5;3m[RouterExplorer] [39m[32mMapped {/api/competitors, GET} route[39m[38;5;3m +1ms[39m
2026-03-08T03:13:53: [32m[Nest] 244191  - [39m03/08/2026, 3:13:53 AM [32m    LOG[39m [38;5;3m[RouterExplorer] [39m[32mMapped {/api/competitors, POST} route[39m[38;5;3m +0ms[39m
2026-03-08T03:13:53: [32m[Nest] 244191  - [39m03/08/2026, 3:13:53 AM [32m    LOG[39m [38;5;3m[RouterExplorer] [39m[32mMapped {/api/competitors/:id/suggestions, GET} route[39m[38;5;3m +4ms[39m
2026-03-08T03:13:53: [32m[Nest] 244191  - [39m03/08/2026, 3:13:53 AM [32m    LOG[39m [38;5;3m[RoutesResolver] [39m[32mPagesController {/api/pages}:[39m[38;5;3m +0ms[39m
2026-03-08T03:13:53: [32m[Nest] 244191  - [39m03/08/2026, 3:13:53 AM [32m    LOG[39m [38;5;3m[RouterExplorer] [39m[32mMapped {/api/pages/bulk-enable, POST} route[39m[38;5;3m +0ms[39m
2026-03-08T03:13:53: [32m[Nest] 244191  - [39m03/08/2026, 3:13:53 AM [32m    LOG[39m [38;5;3m[RouterExplorer] [39m[32mMapped {/api/pages, GET} route[39m[38;5;3m +0ms[39m
2026-03-08T03:13:53: [32m[Nest] 244191  - [39m03/08/2026, 3:13:53 AM [32m    LOG[39m [38;5;3m[RoutesResolver] [39m[32mChangesController {/api/changes}:[39m[38;5;3m +1ms[39m
2026-03-08T03:13:53: [32m[Nest] 244191  - [39m03/08/2026, 3:13:53 AM [32m    LOG[39m [38;5;3m[RouterExplorer] [39m[32mMapped {/api/changes, GET} route[39m[38;5;3m +0ms[39m
2026-03-08T03:13:53: [32m[Nest] 244191  - [39m03/08/2026, 3:13:53 AM [32m    LOG[39m [38;5;3m[RouterExplorer] [39m[32mMapped {/api/changes/:id, GET} route[39m[38;5;3m +0ms[39m
2026-03-08T03:13:53: [32m[Nest] 244191  - [39m03/08/2026, 3:13:53 AM [32m    LOG[39m [38;5;3m[RoutesResolver] [39m[32mJobsController {/api/jobs}:[39m[38;5;3m +0ms[39m
2026-03-08T03:13:53: [32m[Nest] 244191  - [39m03/08/2026, 3:13:53 AM [32m    LOG[39m [38;5;3m[RouterExplorer] [39m[32mMapped {/api/jobs/tick, POST} route[39m[38;5;3m +1ms[39m
2026-03-08T03:13:53: [32m[Nest] 244191  - [39m03/08/2026, 3:13:53 AM [32m    LOG[39m [38;5;3m[NestApplication] [39m[32mNest application successfully started[39m[38;5;3m +87ms[39m
2026-03-08T03:13:53: API listening on http://localhost:4000
2026-03-08T11:25:32: [32m[Nest] 244191  - [39m03/08/2026, 11:25:32 AM [32m    LOG[39m [38;5;3m[JobsService] [39m[32mtick: competitors waiting for scan = 1[39m
2026-03-08T11:25:32: [32m[Nest] 244191  - [39m03/08/2026, 11:25:32 AM [32m    LOG[39m [38;5;3m[JobsService] [39m[32mtick: pages due for check = 3[39m
